<?xml version="1.0" encoding="UTF-8"?>
<testsuite xmlns:xsi="http://www.w3.org/2001/XMLSchema-instance" xsi:schemaLocation="https://maven.apache.org/surefire/maven-surefire-plugin/xsd/surefire-test-report.xsd" name="RunCukesTest" time="27.027" tests="6" errors="2" skipped="2" failures="0">
  <properties>
[...]
</properties>
  <testcase name="Given Login into CTO Dashboard   " classname="Given Login into CTO Dashboard   " time="0.004"/>
  <testcase name="And By default Experience Tab is shown in Landing Page    " classname="And By default Experience Tab is shown in Landing Page    " time="0"/>
  <testcase name="When Appy WEEK filter     " classname="When Appy WEEK filter     " time="0.016">
    <error message="no such element: Unable to locate element: {&quot;method&quot;:&quot;xpath&quot;,&quot;selector&quot;:&quot;//*[text()=&apos;Week&apos;]&quot;}&#10;  (Session info: chrome=69.0.3497.100)&#10;  (Driver info: chromedriver=2.38.552522 (437e6fbedfa8762dec75e2c5b3ddb86763dc9dcb),platform=Windows NT 10.0.16299 x86_64) (WARNING: The server did not provide any stacktrace information)&#10;Command duration or timeout: 20 milliseconds&#10;For documentation on this error, please visit: http://seleniumhq.org/exceptions/no_such_element.html&#10;Build info: version: &apos;2.45.0&apos;, revision: &apos;5017cb8e7ca8e37638dc3091b2440b90a1d8686f&apos;, time: &apos;2015-02-27 09:10:26&apos;&#10;System info: host: &apos;N-20HEPF135EGA&apos;, ip: &apos;10.136.222.113&apos;, os.name: &apos;Windows 10&apos;, os.arch: &apos;amd64&apos;, os.version: &apos;10.0&apos;, java.version: &apos;10.0.1&apos;&#10;Driver info: org.openqa.selenium.chrome.ChromeDriver&#10;Capabilities [{applicationCacheEnabled=false, rotatable=false, mobileEmulationEnabled=false, networkConnectionEnabled=false, chrome={chromedriverVersion=2.38.552522 (437e6fbedfa8762dec75e2c5b3ddb86763dc9dcb), userDataDir=C:\WINDOWS\TEMP\scoped_dir2760_8198}, takesHeapSnapshot=true, pageLoadStrategy=normal, databaseEnabled=false, handlesAlerts=true, hasTouchScreen=false, version=69.0.3497.100, platform=XP, browserConnectionEnabled=false, nativeEvents=true, acceptSslCerts=false, acceptInsecureCerts=false, locationContextEnabled=true, webStorageEnabled=true, browserName=chrome, takesScreenshot=true, javascriptEnabled=true, cssSelectorsEnabled=true, setWindowRect=true, unexpectedAlertBehaviour=}]&#10;Session ID: 897a0dfb51f106873aae4930f49699b3&#10;*** Element info: {Using=xpath, value=//*[text()=&apos;Week&apos;]}" type="org.openqa.selenium.NoSuchElementException">org.openqa.selenium.NoSuchElementException: 
no such element: Unable to locate element: {"method":"xpath","selector":"//*[text()='Week']"}
  (Session info: chrome=69.0.3497.100)
  (Driver info: chromedriver=2.38.552522 (437e6fbedfa8762dec75e2c5b3ddb86763dc9dcb),platform=Windows NT 10.0.16299 x86_64) (WARNING: The server did not provide any stacktrace information)
Command duration or timeout: 20 milliseconds
For documentation on this error, please visit: http://seleniumhq.org/exceptions/no_such_element.html
Build info: version: '2.45.0', revision: '5017cb8e7ca8e37638dc3091b2440b90a1d8686f', time: '2015-02-27 09:10:26'
System info: host: 'N-20HEPF135EGA', ip: '10.136.222.113', os.name: 'Windows 10', os.arch: 'amd64', os.version: '10.0', java.version: '10.0.1'
Driver info: org.openqa.selenium.chrome.ChromeDriver
Capabilities [{applicationCacheEnabled=false, rotatable=false, mobileEmulationEnabled=false, networkConnectionEnabled=false, chrome={chromedriverVersion=2.38.552522 (437e6fbedfa8762dec75e2c5b3ddb86763dc9dcb), userDataDir=C:\WINDOWS\TEMP\scoped_dir2760_8198}, takesHeapSnapshot=true, pageLoadStrategy=normal, databaseEnabled=false, handlesAlerts=true, hasTouchScreen=false, version=69.0.3497.100, platform=XP, browserConnectionEnabled=false, nativeEvents=true, acceptSslCerts=false, acceptInsecureCerts=false, locationContextEnabled=true, webStorageEnabled=true, browserName=chrome, takesScreenshot=true, javascriptEnabled=true, cssSelectorsEnabled=true, setWindowRect=true, unexpectedAlertBehaviour=}]
Session ID: 897a0dfb51f106873aae4930f49699b3
*** Element info: {Using=xpath, value=//*[text()='Week']}
</error>
    <system-out><![CDATA[&amp#27;[1A    &amp#27;[32mAnd &amp#27;[0m&amp#27;[32mBy default Experience Tab is shown in Landing Page&amp#27;[0m                                    &amp#27;[90m# ConversionStepDefs.By_default_Experience_Tab_is_shown_in_Landing_Page()&amp#27;[0m
    &amp#27;[90mWhen &amp#27;[0m&amp#27;[90mAppy WEEK filter&amp#27;[0m                                                                     &amp#27;[90m# ConversionStepDefs.Appy_WEEK_filter()&amp#27;[0m
]]></system-out>
  </testcase>
  <testcase name="Scenario: Prestige 2 Subs Trend  " classname="Scenario: Prestige 2 Subs Trend  " time="0.016">
    <error message="no such element: Unable to locate element: {&quot;method&quot;:&quot;xpath&quot;,&quot;selector&quot;:&quot;//*[text()=&apos;Week&apos;]&quot;}&#10;  (Session info: chrome=69.0.3497.100)&#10;  (Driver info: chromedriver=2.38.552522 (437e6fbedfa8762dec75e2c5b3ddb86763dc9dcb),platform=Windows NT 10.0.16299 x86_64) (WARNING: The server did not provide any stacktrace information)&#10;Command duration or timeout: 20 milliseconds&#10;For documentation on this error, please visit: http://seleniumhq.org/exceptions/no_such_element.html&#10;Build info: version: &apos;2.45.0&apos;, revision: &apos;5017cb8e7ca8e37638dc3091b2440b90a1d8686f&apos;, time: &apos;2015-02-27 09:10:26&apos;&#10;System info: host: &apos;N-20HEPF135EGA&apos;, ip: &apos;10.136.222.113&apos;, os.name: &apos;Windows 10&apos;, os.arch: &apos;amd64&apos;, os.version: &apos;10.0&apos;, java.version: &apos;10.0.1&apos;&#10;Driver info: org.openqa.selenium.chrome.ChromeDriver&#10;Capabilities [{applicationCacheEnabled=false, rotatable=false, mobileEmulationEnabled=false, networkConnectionEnabled=false, chrome={chromedriverVersion=2.38.552522 (437e6fbedfa8762dec75e2c5b3ddb86763dc9dcb), userDataDir=C:\WINDOWS\TEMP\scoped_dir2760_8198}, takesHeapSnapshot=true, pageLoadStrategy=normal, databaseEnabled=false, handlesAlerts=true, hasTouchScreen=false, version=69.0.3497.100, platform=XP, browserConnectionEnabled=false, nativeEvents=true, acceptSslCerts=false, acceptInsecureCerts=false, locationContextEnabled=true, webStorageEnabled=true, browserName=chrome, takesScreenshot=true, javascriptEnabled=true, cssSelectorsEnabled=true, setWindowRect=true, unexpectedAlertBehaviour=}]&#10;Session ID: 897a0dfb51f106873aae4930f49699b3&#10;*** Element info: {Using=xpath, value=//*[text()=&apos;Week&apos;]}" type="org.openqa.selenium.NoSuchElementException">org.openqa.selenium.NoSuchElementException: 
no such element: Unable to locate element: {"method":"xpath","selector":"//*[text()='Week']"}
  (Session info: chrome=69.0.3497.100)
  (Driver info: chromedriver=2.38.552522 (437e6fbedfa8762dec75e2c5b3ddb86763dc9dcb),platform=Windows NT 10.0.16299 x86_64) (WARNING: The server did not provide any stacktrace information)
Command duration or timeout: 20 milliseconds
For documentation on this error, please visit: http://seleniumhq.org/exceptions/no_such_element.html
Build info: version: '2.45.0', revision: '5017cb8e7ca8e37638dc3091b2440b90a1d8686f', time: '2015-02-27 09:10:26'
System info: host: 'N-20HEPF135EGA', ip: '10.136.222.113', os.name: 'Windows 10', os.arch: 'amd64', os.version: '10.0', java.version: '10.0.1'
Driver info: org.openqa.selenium.chrome.ChromeDriver
Capabilities [{applicationCacheEnabled=false, rotatable=false, mobileEmulationEnabled=false, networkConnectionEnabled=false, chrome={chromedriverVersion=2.38.552522 (437e6fbedfa8762dec75e2c5b3ddb86763dc9dcb), userDataDir=C:\WINDOWS\TEMP\scoped_dir2760_8198}, takesHeapSnapshot=true, pageLoadStrategy=normal, databaseEnabled=false, handlesAlerts=true, hasTouchScreen=false, version=69.0.3497.100, platform=XP, browserConnectionEnabled=false, nativeEvents=true, acceptSslCerts=false, acceptInsecureCerts=false, locationContextEnabled=true, webStorageEnabled=true, browserName=chrome, takesScreenshot=true, javascriptEnabled=true, cssSelectorsEnabled=true, setWindowRect=true, unexpectedAlertBehaviour=}]
Session ID: 897a0dfb51f106873aae4930f49699b3
*** Element info: {Using=xpath, value=//*[text()='Week']}
</error>
  </testcase>
  <testcase name="When Click on Prestige 2 subs Trend      " classname="When Click on Prestige 2 subs Trend      " time="0">
    <skipped/>
    <system-out><![CDATA[&amp#27;[1A    &amp#27;[31mWhen &amp#27;[0m&amp#27;[31mAppy WEEK filter&amp#27;[0m                                                                     &amp#27;[90m# ConversionStepDefs.Appy_WEEK_filter()&amp#27;[0m
      &amp#27;[31morg.openqa.selenium.NoSuchElementException: no such element: Unable to locate element: {"method":"xpath","selector":"//*[text()='Week']"}
        (Session info: chrome=69.0.3497.100)
        (Driver info: chromedriver=2.38.552522 (437e6fbedfa8762dec75e2c5b3ddb86763dc9dcb),platform=Windows NT 10.0.16299 x86_64) (WARNING: The server did not provide any stacktrace information)
      Command duration or timeout: 20 milliseconds
      For documentation on this error, please visit: http://seleniumhq.org/exceptions/no_such_element.html
      Build info: version: '2.45.0', revision: '5017cb8e7ca8e37638dc3091b2440b90a1d8686f', time: '2015-02-27 09:10:26'
      System info: host: 'N-20HEPF135EGA', ip: '10.136.222.113', os.name: 'Windows 10', os.arch: 'amd64', os.version: '10.0', java.version: '10.0.1'
      Driver info: org.openqa.selenium.chrome.ChromeDriver
      Capabilities [{applicationCacheEnabled=false, rotatable=false, mobileEmulationEnabled=false, networkConnectionEnabled=false, chrome={chromedriverVersion=2.38.552522 (437e6fbedfa8762dec75e2c5b3ddb86763dc9dcb), userDataDir=C:\WINDOWS\TEMP\scoped_dir2760_8198}, takesHeapSnapshot=true, pageLoadStrategy=normal, databaseEnabled=false, handlesAlerts=true, hasTouchScreen=false, version=69.0.3497.100, platform=XP, browserConnectionEnabled=false, nativeEvents=true, acceptSslCerts=false, acceptInsecureCerts=false, locationContextEnabled=true, webStorageEnabled=true, browserName=chrome, takesScreenshot=true, javascriptEnabled=true, cssSelectorsEnabled=true, setWindowRect=true, unexpectedAlertBehaviour=}]
      Session ID: 897a0dfb51f106873aae4930f49699b3
      *** Element info: {Using=xpath, value=//*[text()='Week']}
      	at java.base/jdk.internal.reflect.NativeConstructorAccessorImpl.newInstance0(Native Method)
      	at java.base/jdk.internal.reflect.NativeConstructorAccessorImpl.newInstance(NativeConstructorAccessorImpl.java:62)
      	at java.base/jdk.internal.reflect.DelegatingConstructorAccessorImpl.newInstance(DelegatingConstructorAccessorImpl.java:45)
      	at java.base/java.lang.reflect.Constructor.newInstance(Constructor.java:488)
      	at org.openqa.selenium.remote.ErrorHandler.createThrowable(ErrorHandler.java:204)
      	at org.openqa.selenium.remote.ErrorHandler.throwIfResponseFailed(ErrorHandler.java:156)
      	at org.openqa.selenium.remote.RemoteWebDriver.execute(RemoteWebDriver.java:599)
      	at org.openqa.selenium.remote.RemoteWebDriver.findElement(RemoteWebDriver.java:352)
      	at org.openqa.selenium.remote.RemoteWebDriver.findElementByXPath(RemoteWebDriver.java:449)
      	at org.openqa.selenium.By$ByXPath.findElement(By.java:357)
      	at org.openqa.selenium.remote.RemoteWebDriver.findElement(RemoteWebDriver.java:344)
      	at com.nokia.cto.steps.ConversionStepDefs.Appy_WEEK_filter(ConversionStepDefs.java:43)
      	at ?.When Appy WEEK filter(Functionality.feature:9)
      &amp#27;[0m
    &amp#27;[90mWhen &amp#27;[0m&amp#27;[90mClick on Prestige &amp#27;[0m&amp#27;[90m&amp#27;[1m2&amp#27;[0m&amp#27;[90m subs Trend&amp#27;[0m                                                       &amp#27;[90m# ConversionStepDefs.Click_on_Prestige_subs_Trend(int)&amp#27;[0m
]]></system-out>
  </testcase>
  <testcase name="Then Care QoE Report for the Prestige 2 Subs Trend should be displayed on same page below       " classname="Then Care QoE Report for the Prestige 2 Subs Trend should be displayed on same page below       " time="0">
    <skipped/>
    <system-out><![CDATA[&amp#27;[1A    &amp#27;[36mWhen &amp#27;[0m&amp#27;[36mClick on Prestige &amp#27;[0m&amp#27;[36m&amp#27;[1m2&amp#27;[0m&amp#27;[36m subs Trend&amp#27;[0m                                                       &amp#27;[90m# ConversionStepDefs.Click_on_Prestige_subs_Trend(int)&amp#27;[0m
    &amp#27;[90mThen &amp#27;[0m&amp#27;[90mCare QoE Report for the Prestige &amp#27;[0m&amp#27;[90m&amp#27;[1m2&amp#27;[0m&amp#27;[90m Subs Trend should be displayed on same page below&amp#27;[0m &amp#27;[90m# ConversionStepDefs.Care_QoE_Report_for_the_Prestige_Subs_Trend_should_be_displayed_on_same_page_below(int)&amp#27;[0m
]]></system-out>
  </testcase>
</testsuite>